:1040000031400039B240805A20013F4012000F93E6
:1040100005242F839F4F006C0011FB233F40D503E5
:104020000F9304241F83CF431211FC233040746587
:104030003040906B0F4232C2034312C30F100F1176
:104040000F115FF330414F93012432D230410B12F4
:104050004B4FB0123440C24B5D14B01246403B414E
:1040600030411F4262018F105FF302241F42720130
:1040700030411F4264018F105FF302241F4274011C
:1040800030411F4266018F105FF302241F42760108
:1040900030410F120E120D120C121F422E0112C3CC
:1040A0004F105F9308244F9303246F930920063C1D
:1040B000B0126240053CB0127240023CB012824025
:1040C0003C413D413E413F41B1C0F0000000001382
:1040D0001F4290013D4090012E4D0F9E02240F4E35
:1040E000FB3F30410B120A120912B0123440494F03
:1040F0001A424214B012D0400B4F1E4280015EF3B0
:1041000004241A53B012D0400B4F4F49B01246400E
:104110000E4A0D430C430F4E0E4D0EDB0FDC3941A2
:104120003A413B4130410B120A1209120812B012F7
:10413000E4400A4E0B4F1E4230141F4232140C4E04
:104140000D4F1C52F6131D62F813084A094B088ED6
:10415000097F0B28084C094D088E097F10280E4A4C
:104160000F4B0E8C0F7D2B2C0A3C084C094D088EF2
:10417000097F252C0E4A0F4B0E8C0F7D202C0E4CE8
:104180000F4D0E8A0F7B384000800943088E097F4F
:10419000182C0C4A0D4B3C5000800D63824C30149F
:1041A000824D32140C4E0D4F3C5000803D63824CCA
:1041B000F613824DF8133E4000800F430A3C0E4335
:1041C0000F43824C3014824D32148243F6138243E3
:1041D000F813084EB012D0400D4F0D8A0D980628E6
:1041E000B012D0402F53824F92010D3C088D389071
:1041F0000300062CB012D0402F53824F9201033C93
:10420000085F824892013F4082019FC30000BFD0F7
:1042100010000000384139413A413B4130410B1216
:104220000A12091208120712084E094F0A4C0B4DC8
:10423000B0123440474F8248301482493214824AC7
:10424000F613824BF813B01226414F47B012464086
:104250003741384139413A413B4130410B120A1252
:104260000A4E0B4FB012E4400C4A0D4BB0121E42E6
:104270003A413B4130410B120A120912081207124F
:1042800006120512041231821C42EA131D42EC137D
:104290000E430F43084C094D0A4E0B4F085809694D
:1042A0000A6A0B6B085809690A6A0B6B04480549CE
:1042B000064A074B045C056D066E076F81440000DB
:1042C00081450200814604008147060004540565CB
:1042D00006660767045405650666076704540565A6
:1042E000066607670454056506660767248115712D
:1042F00002001671040017710600084409450A46B9
:104300000B47085809690A6A0B6B085809690A6A59
:104310000B6B085809690A6A0B6B085809690A6A25
:104320000B6B085809690A6A0B6B0C580D690E6A09
:104330000F6B084C094D0A4E0B4F085809690A6A61
:104340000B6B085809690A6A0B6B085809690A6AF5
:104350000B6B04480549064A074B048C057D067E15
:10436000077F0C440D450E460F470C5C0D6D0E6E1D
:104370000F6F084C094D12C3091008100E580F6931
:104380000C4E0D4F0C830D7304343FF0FF7F1E5312
:104390000F63824EEA13824FEC13315234413541A0
:1043A00036413741384139413A413B4130410B12A6
:1043B0000A124A4F4B4EB01234404D4F4B930624D5
:1043C0004F4ACF935C1402245B43043C7AF3CA4BFC
:1043D0005C144B434F4DB01246404F4B3A413B416A
:1043E0003041C29F0A1102244F4330414F43F290A3
:1043F00003001A1101205F5330410B124B4FB012D2
:1044000034404E4BFE93561112205E42E5144B9EF3
:104410000E24F293BF140520C24BBF14C24BE51407
:104420000D3C7EF3CE4B5611C24BE514073C7B404E
:104430000500B01246404F4B3B4130414B43F93FE2
:10444000D2930A1113205F421A115F9305207F4215
:10445000B012FA434F4330416F930820D2426214A6
:104460000A11F24003001A114F4330415F433041BB
:104470000B124B4EB0123440C24B1411B0124640D6
:104480007F400300B012FA433B4130410B120B4F07
:10449000B0123440D2437000F2F0DAFF7000D24321
:1044A0007000F2F03F0004003E401B00FEF0EFFF02
:1044B0000000FEF0DFFF00005D4B02007DD0050034
:1044C000C24D70005D4B0300C24D71002D4BC24DBB
:1044D00074008D107DF3C24D7500C2437300EED39E
:1044E0000000EED20000FED20000F2D04000040036
:1044F000D2C37000F2F03F000200F2F03F00000073
:10450000B01246403B4130410B120A124A4FB012E2
:1045100034404B4F5E434F43B012AE434F9306249B
:104520004F4BB01246407F400500243C4F43B01231
:10453000E2434F930424C24A07114A43173CC293F3
:104540001A111B20E2431A11C2436214B0124044F4
:10455000C2930A1108203F400211B0128C44C24A93
:1045600007114A43033CC2431A11073C4F4BB01298
:1045700046404F4A3A413B413041B0123440C24379
:104580005C14B01246405A43F13F0B120A124A4FD4
:10459000B01234404B4F5E434F43B012AE434F9383
:1045A0002820C24A0711B012E2434F9305247F40EE
:1045B0000600B012FA43263CC2931A110720D243D8
:1045C0001A11C2436214B01240441C3CF2932E14E0
:1045D00019205F4209114F931524F293081103200B
:1045E000C2430811033C7FF3CF432E14C243091189
:1045F000093C7AF31F430A9303240F5F1A83FD23B8
:10460000C2DF18114F4BB01246404F433A413B4175
:1046100030410B127F400300B01208454B4F4F93BF
:1046200004247F400300B0128A454F4B3B41304188
:104630000B120A120912494F4A4EB01234404D4F24
:104640004B434F49CF9A5C1401205B534F4DB0123E
:1046500046404F4B39413A413B4130410B12B01279
:1046600034405B427600B01246404F4B3B413041F4
:10467000F2F0BFFF04003F401B00EFC30000EFC299
:104680000000FFC200003041C29318114220F29393
:1046900007113F204E434F4EB01230464F933924FE
:1046A000D2436414C29355113824C24364147F402A
:1046B00005003041C2930A112E205F4208117F93FA
:1046C0001C244E4F5D4E2E14C24D08117D930220C6
:1046D000F2430911FE432E14C24F6214F2430A1131
:1046E000D2431A117F42B012FA43D2437000B01283
:1046F0007046D2C370004F433041D2430A11C243C7
:104700001A11D2437000B0127046D2C370004F43EA
:1047100030415F4330414F433041F29003001A1162
:10472000FA23C83FB0123440E2D21D00B012464016
:104730003041B0123440E2C21D00B0124640304158
:104740003E408401BEF0EFFF0000E2D31F009EC395
:104750000000AEC300007FF38F100F5F0F5F0F5F8D
:104760000F5F0F5F0F5F3FD000018E4F0000BED084
:10477000100000004F433041B0123440F2F0BFFF50
:104780001D00B01246403041B0123440F2D040001B
:104790001D00B01246403041CF432D003F502E0047
:1047A000CF430300CF430200CF430100FF4080FF0F
:1047B000000030410B120A1209120812B0123440E4
:1047C000484F1A42F0131B42F213B012D040094F67
:1047D0001F4280015FF305241A530B63B012D040CF
:1047E000094F4F48B01246400F4912C30F100F1126
:1047F0000F110F110F110C4F0D430E4A0F4B4FEEBF
:104800000FEE8F107EF38E100E5E0F6F0E5E0F6F29
:104810000E5E0F6F0EDC0FDD384139413A413B41EE
:1048200030410B120A1209120812B012B4470A4E94
:104830000B4F1E4226111F4228110C4E0D4F1C52C9
:104840006C111D626E11084A094B088E097F0B28F6
:10485000084C094D088E097F10280E4A0F4B0E8C0C
:104860000F7D2B2C0A3C084C094D088E097F252C06
:104870000E4A0F4B0E8C0F7D202C0E4C0F4D0E8AC6
:104880000F7B384000040943088E097F182C0C4A1E
:104890000D4B3C5000040D63824C2611824D2811B3
:1048A0000C4E0D4F3C5000FC3D63824C6C11824D10
:1048B0006E113E4000040F430A3C0E430F43824CEE
:1048C0002611824D281182436C1182436E110F4EC6
:1048D0000F5F0F5F0F5F0F5F084F0858B012D04097
:1048E0000E4A0E5E0E5E0E5E0E5E0E5E0D4F0D8E5D
:1048F0000D980628B012D0402F53824F96010D3CE0
:10490000088D38900300062CB012D0402F53824FF0
:104910009601033C085F824896013F4086019FC391
:104920000000BFD010000000384139413A413B41FE
:1049300030410D4F8D107DF007005E4257007EF034
:10494000F8FF4DDEC24D5700C24F560030414F9325
:104950000324E2D31900023CE2C31900F2D2190089
:10496000F2C219003041CF4E0A003041B01234403B
:10497000F2E040003100B012464030410B120B4EC5
:104980004D930324B0126C49183CB01234405D4280
:104990002F144E4D0E5E8E9BC8140D205D53C24DDC
:1049A0002F147D900C000228C2432F14C293401490
:1049B0000224C2434014B01246404F43B012FA439F
:1049C0003B4130410B120A1209120812071206125B
:1049D0000512094E0A4F5F424C144E4F6EF31124DC
:1049E0003C4044143D4C3E4C3B4C2C4C0749084A3F
:1049F000078D087E078B087C042847433940441400
:104A0000133C5F4256144E4F6EF3CD243C404E147F
:104A10003D4C3E4C3B4C2C4C098D0A7E098B0A7C4C
:104A2000C228574339404E145FF30324E9C30800FA
:104A3000083C054D064E055B066C8945000089461D
:104A400002005793B020B0123440464FC2935A141C
:104A500037243B4044116F4B0E437FF38F10074BBD
:104A600017536D470C4E094E0A4F09DC0ADD0C4BFB
:104A70003C5003006D4C0E4309DD0ADE084B285301
:104A80006D480E434EED0EED8E107DF38D100F4EE2
:104A90000E4D0ED90FDA1E530F63CC4E00000C4E94
:104AA0000D4F8C108D104CED0CED7DF3C84C0000BB
:104AB000C74F00008F107FF3CB4F0000C2435A1442
:104AC0003940FA13F9401F0000000F493F52DF43FD
:104AD0000000CF4301002F83CF430000CF430100EC
:104AE0003F5006003B4042116E4B8E105D4B010063
:104AF0000EDDCF4E01008E10CF4E00005F4B020046
:104B00000E437FF38F105D4B03000C4E074E084F92
:104B100007DC08DD5D4B05000E4307DD08DE5D4B5D
:104B200004000E434EED0EED8E107DF38D100F4EF2
:104B30000E4D0ED70FD839500E00C94E03000C4E43
:104B40000D4F8C108D104CED0CED7DF3C94C020017
:104B5000C94F01000E4F8E107EF3C94E0000C29364
:104B600040141C205C42E1140F4C0F5FBF40FA134D
:104B7000C8141C533A400C00B012CA6BC24EE11468
:104B80005E922F140220D2434014C2935411082085
:104B90004F43B012FA43D2435411023CB0126C4955
:104BA0004F46B01246407F400B00B012FA433541E9
:104BB00036413741384139413A413B4130410B128E
:104BC0000A12091208120712084E094F0A4C0B4D1F
:104BD000B0123440474F8248261182492811824A38
:104BE0006C11824B6E11B01222484F47B0124640F2
:104BF0003741384139413A413B4130410B12B01203
:104C000034401B423414B01246400F4B3B413041FC
:104C10005F4F0A0030413F5006005E4F01008E108A
:104C20006F4F0FDE30410B12B01234401B420C119B
:104C3000B01246400F4B3B4130410B120A12091291
:104C400008120712061205120412094F074E4A4DA8
:104C5000B01234404C4F7A9006004C205A47010065
:104C60006F478F100ADF3D4042116F4D8F105D4D31
:104C700001000FDD0A9F3E200F472F53574F0300BF
:104C800008436E4F0D437EF38E100DD70ED85B4F49
:104C900001000A43074D084E07DA08DB5E4F0200A9
:104CA0000F434FEE0FEE8F107EF38E100447054832
:104CB00004DE05DF364044116F460E4A7FF38F1045
:104CC00058460100074A07DE08DF5A4603000B4337
:104CD00007DA08DB5A4602000B434BEA0BEA8B105B
:104CE0007AF38A100AD70BD8049A0420059B022075
:104CF000D2435A144F4CB01246400F49344135410B
:104D000036413741384139413A413B4130415F4FAB
:104D10000B003041F24080FF4011C243E313C24315
:104D2000C214C243BE14C2436A1130410F12218320
:104D30005F422D005FF22B007FF3814F00002F4177
:104D40001FF30324D2C32B00313C2F412FF3032444
:104D5000E2C32B002B3C2F412FF20324E2C22B0095
:104D6000253C2F413FF20324F2C22B001F3C2F4170
:104D70003FF010000424F2F0EFFF2B00173C2F410E
:104D80003FF020000424F2F0DFFF2B000F3C2F4106
:104D90003FF040000424F2F0BFFF2B00073C2F41FE
:104DA0007FF080FF0324F2F07F002B0021533F416E
:104DB000B1C0F000000000135F421A114F930124AC
:104DC0005F433041F29003001A1102247F433041C7
:104DD0005F420A1130410F125F4270003FF0200025
:104DE00006245F4270002FF202245F4270003F41B0
:104DF000B1C0F000000000130B120A1209120812D1
:104E00000712B0123440474F1E42F4130E93022093
:104E10004B43033C1E52C0146B4EB0123440C24B85
:104E20007700B01246401E42C014494E69531F42DB
:104E3000C4144D490F9D012C494F1E53824EC0147E
:104E400079F30E99282C0B4348435E4202003EF052
:104E500040000E9BFA27B0125C461E4258140E9B6F
:104E600004241E52C014CE4FFFFF1E42F4130E9BAB
:104E700002204A48033C1E52C0146A4EB01234400D
:104E8000C24A7700B01246401E42C0141E53824EE2
:104E9000C0140E99DA2B4F47B012464037413841C3
:104EA00039413A413B413041C24F3614824EF413EE
:104EB000824D5814824CC4148243C0140C930D24A8
:104EC000B0123440F2F0BFFF0200F2D04000000008
:104ED000B0124640B012F84D043C7F400700B012BB
:104EE000FA434F4330410B124B4FB0123440C24B88
:104EF0007700B01246400E435F4202003FF0400090
:104F00000F9EFA27F2F0BFFF0200B0125C463B4151
:104F100030410B120A124A4FB01234404B4F4E43ED
:104F20004F4EB01230464F9305244F4BB0124640BF
:104F30004F43063C4F4BB01246404F4AB012E64E2C
:104F40003A413B4130410B120A1209120812071272
:104F5000084F474E0A4D494CB01234404B4F4E4318
:104F60004F4EB01230464F9305244F4BB01246407F
:104F70004F43233C4F4BB01246404B470B584F4BCF
:104F80007FD080FFB012E64E474F12C30B104F4B3D
:104F90007FF0C0FFB012E64E49930E244B4979F3DF
:104FA00048434E4B0F490F8E0E4F0E5A6F4EB012A4
:104FB000E64E7B534B98F5234F47374138413941F3
:104FC0003A413B4130412182B01234401E42E41349
:104FD000C14E00008E10C14E01001D4234140E411E
:104FE0002E53CE4D00008D10CE4D0100B012464024
:104FF0006C420D414E433F406801B012464F215272
:1050000030410B120A120912494F0B4EB0123440B4
:105010004A4F4E434F4EB01230464F9305244F4AED
:10502000B01246404F430D3C4F4AB01246404F49E4
:10503000B012E64E0F4B8F10B012E64E4F4BB0122F
:10504000E64E39413A413B4130410B12B0123440F7
:105050005B426314B01246404E4B0E5E4F4B0E5FE8
:105060000E5F0E5F3E502E013ED000407F40180084
:10507000B01202503B4130410B12B01234404B4F42
:10508000C293691102200E43053C0E43C293E01403
:1050900001241E53C293E61302200D43053C0D4329
:1050A000C293611401241D537EF38E100E5E0E5EBA
:1050B0000E5E3ED0E2220D5D0D5D0D5D0D5D0EDDDF
:1050C0007F401100B01202504F4BB01246403B419E
:1050D00030410B120A1209121A42E8135B4A2A00E5
:1050E0004B9302207B501F00B0123247C29B6811C5
:1050F00007244E4B3ED0E0807F401500B012025096
:10510000C24B6811694AB01234404B4F4E434F4E68
:10511000B01230464F9304244F4BB0124640113C1E
:105120004F4BB0124640B2403E0038147F403E0024
:10513000B012E64E79534C490D430E4A4F43B0121C
:10514000A84E39413A413B4130410B120A12091233
:105150000812494F0A4E484DB01234404B4F4E434F
:105160004F4EB01230464F9305244F4BB01246407D
:105170004F43143C4F4BB01246404F497FD0400044
:10518000C24F3814C2433914B012E64E4B4F4C484C
:105190000D4A0E434F43B012A84E4F4B3841394190
:1051A0003A413B413041B01232475D431E42241127
:1051B0007F403F00B0124A513041A2436411D243B4
:1051C000E313E29207110320B012A65130416F425F
:1051D000B01208454F930320B012A65130416F42E0
:1051E000B0128A4530410F120E120D120C1221839B
:1051F0005F4225005FF223007FF3814F00002F41C3
:105200001FF30D24D2C32300929364110520A243FF
:105210006411B012BA514A3CD2536A11473C2F4133
:105220002FF30324E2C32300413C2F412FF2032438
:10523000E2C223003B3C2F413FF20324F2C2230091
:10524000353C2F413FF010001A24F2F0EFFF23000D
:10525000A2421611F2F0EFFF2500F2F0EFFF23005B
:105260000E437F401D00B0120250B012C64FB01264
:105270002447B01232475F43B012FA43173C2F4124
:105280003FF020000424F2F0DFFF23000F3C2F4109
:105290003FF040000424F2F0BFFF2300073C2F4101
:1052A0007FF080FF0324F2F07F00230021533C4174
:1052B0003D413E413F41B1C0F00000000013B0123B
:1052C0003440C2435E14B012464030410B120A1201
:1052D0000912B0123440494FB01276420C4E3A4097
:1052E0004600B012AE6B0B4E3B500B00824BE214EB
:1052F000B012E4400C4B0D43B0121E424F49B012A5
:10530000464039413A413B4130410F120E120D12D5
:105310000C12B01262403C413D413E413F41B1C0A0
:10532000F000000000130B124B4F92431C11C243BC
:105330005511B0128846B0123440C24B1411B0124D
:1053400046407F400300B012FA433B4130410B120C
:105350000A120912081207120B4F494E5E436F439F
:10536000B012AE434F9303247F400500733C5F426D
:1053700065144D4F5D53C24D6514CB4F0300B01201
:105380003440474F6E435F43B01230464F9307207F
:105390004F47B0124640B012BE525F435B3C084BD1
:1053A00038502800B0123440E2425D14B01246403A
:1053B000824B3E144F47B012464079500D00CB4906
:1053C00000000E4B2E536F4E8F105D4B01000FDD12
:1053D0007FF020007FF33FD04188CB4F01008F103A
:1053E000CE4F0000C8430400C8430000C84301007A
:1053F0003B502E00CB430300CB430200CB430100C4
:10540000FB4080FF0000D24360141B423E14B012E8
:1054100034401E421C113E920420B01246404F43BD
:10542000193C1E930424B01246404F43133CA24340
:105430001C11D243E614824BE813C2432A11B01266
:105440004640B01212464F9302244F43033CB01221
:10545000D2504F433741384139413A413B413041C5
:105460000B120A1209120812071206124B4FB01241
:105470003440474FC29B07110424B01246405F439B
:10548000423CF24307115642181146930D20B012C8
:105490003440C2435C14B0124640B01288464F47B5
:1054A000B01246404F432F3C48460F481FF3162486
:1054B0000D434E4DC24E07111F430D9303240F5F42
:1054C0001D83FD2346CFC24618117F400600B0124F
:1054D000FA434F47B01246404F43153C4E43794084
:1054E00005000F434C4E5C534A49B012926B4D4E2F
:1054F0000B4D0C480B9303240C111B83FD231CF351
:105500000C9FF027D73F36413741384139413A4166
:105510003B4130410B12B01234404B4F8293641127
:1055200007206F42B01260544F4BB0124640203CEF
:10553000C243E3135E426A114E9304245F4220008B
:105540007FF206205F4220005FF308204E93032481
:105550007E53C24E6A11B012BA51073C9243641195
:10556000C2436A116F42B01260544F4BB0124640B2
:105570003B413041B012144DB0122447B0123247B3
:105580007F42B012124F7F42B012124FB012244726
:105590006F42B0126054B012145530410B120A120F
:1055A000B01234404B4FB2921C111A207F400900B8
:1055B000B012124F7A4003004F4AB0126054B0123A
:1055C000244792431C11B0123440C24A1411B01245
:1055D00046404F4AB012FA434F4BB0124640333C5C
:1055E000B0123247C293E61405247F400500B01282
:1055F000124F033C6F42B012124F3FF20420B01220
:10560000124F3FF21120B24003001C11B012244788
:105610004F4BB0124640C2432A117F400300B012E4
:105620006054B012CC520F3CB24005001C11B012B5
:1056300024474F4BB0124640B012E4403C4040017A
:105640000D43B0121E423A413B4130410B120A1247
:1056500009120812071206120512041231827F92F3
:10566000022830406E5A7FF30F5F104F6E567E5601
:105670004257EC59225A325A425A525A625A1F42DF
:1056800082018F105FF304241F42920130406E5A52
:10569000B2F0EFFF82010E430F43829EF6134E20BD
:1056A000829FF8134B201F421C113F9005002A24B3
:1056B0003F900600062C3F90030009242F923120D2
:1056C000163C3F9007001A243F922B20103C5F426B
:1056D00020007FF010000824A2421C113E40070069
:1056E0000F43B0125C421D3CB012CC521A3CB012B7
:1056F00012464F931620B0129C55133C4F43B012E4
:1057000026530F3C7F400900B012124F5F43B01286
:1057100040477F400300B01260547F400700B01242
:10572000265392931611A321A2431611B012784763
:10573000B01288474F43B0128A45993DB0122641B6
:10574000963D1F4284018F105FF39125174294010B
:105750003F4084019FC30000AFC30000B012E4408B
:105760000C470C8E0D4C0D5D0D7D3DE3084C094D35
:10577000085E096F1F421C113F90050004243F90F2
:105780000600EB20CA3CB24006001C11D243E213D3
:10579000C2431E116F43B01240471F42E8133F50EF
:1057A0002E00CF4803000D480E498D108E104DEE8F
:1057B0000DEE7EF3CF4D0200CF4901000D498D1053
:1057C0007DF3CF4D00001F42E813CF932D008D24B1
:1057D0006A4F7A50FBFFC14A06004D4A044F045DF0
:1057E0000B441B53814B04000E442E53814E020088
:1057F0000F443F500300814F00006D4F0E436C4437
:105800000B437CF38C100BDD0CDE1A410400664A5E
:1058100005430A4B0B4C0AD50BD61E4102006C4EB9
:105820000D434DEC0DEC8D107CF38C100E4A0F4B9C
:105830000EDC0FDD0B4E0C4F0B880C792F41CF4B3C
:1058400000000D4B0E4C8D108E104DEE0DEE7EF3C4
:105850001A410200CA4D00001B410400CB4C00005D
:105860000B4C8B107BF3C44B0000B01232476C42E0
:105870000D445E4106000F45B012464FB01224475A
:105880002E416C4E0D436F440E457FF38F100EDC9E
:105890000FDD1A4104006D4A0C450A4E0B4F0ADC1D
:1058A0000BDD0D4A0E4B1F4102006B4F0C434CEBBE
:1058B0000CEB8C107BF38B100BDD0CDE0B580C69A2
:1058C0002A41CA4B00000D4B0E4C8D108E104DEE30
:1058D0000DEE7EF3CF4D00001B410400CB4C0000C9
:1058E0000B4C8B107BF3C44B00001D42E8131D537F
:1058F0005F4D01008F106D4D0FDD3FF02000022441
:10590000D24355117F400300B0126054B2F0EFFF54
:1059100082015F421C006FF3AA20C243E2135F437F
:10592000B01240471D42E8131D535F4D01008F1018
:105930006D4D0FDD3FF020000924B24007001C111F
:105940003E4000010F43B0125C42033C4F43B01293
:1059500026535F421C006FF38A24C2931E11262037
:10596000C293E2132320D243E2136F43B0124047A5
:105970005B421C005F42BE147F920C2C5F52C2142B
:105980003FF007000F5F0F5F8F486A148F496C1458
:10599000D253BE14D2431E1182473A145F421C00F8
:1059A0006FF365206BB34B434B63013C4B43D29386
:1059B000E2135D20C243E2135F43B0124047C2438B
:1059C0001E114B93542017823A1437900A004F2C23
:1059D0005F42BE144F9303247F53C24FBE141F4235
:1059E000E8130F934424B0129847413C1F428601AC
:1059F0008F105FF303241F429601393CB2F0EFFF92
:105A000086010E430F43829E6C110820829F6E1107
:105A100005207F400A00B012FA43293CB012224808
:105A2000263C1F4288018F105FF321241F429801FA
:105A30001E3C1F428A018F105FF319241F429A01F6
:105A4000163C1F428C018F105FF311241F429C01F2
:105A50000E3C1F428E018F105FF309241F429E01EE
:105A6000063C9253F0138263F21392534214315264
:105A70003441354136413741384139413A413B4162
:105A800030410F120E120D120C124F43B0124C5631
:105A90003C413D413E413F41B1C0F0000000001398
:105AA0000F120E120D120C121F421E0112C34F10C4
:105AB000B0124C563C413D413E413F41B1C0F00027
:105AC000000000130B120A12091208120712061224
:105AD0000B4E1F4238140E4F3EF0400047257FF01A
:105AE000BFFF7F903F0080211A422411094A6F4A6C
:105AF000C24F66111C4264113C90050049243C9041
:105B0000060098242C932A21B240050064115E42BD
:105B100040114D4F1D534C4E0C9D0334B012745523
:105B2000633D5D4220007DF208205D4220005DF370
:105B300004207FE34F5EC24F40115F4266117F90A9
:105B40002A00232C4F9317247F9209283C400700FA
:105B50000D491D530E434F43B012A84E453DB24070
:105B6000060064115C4266110D491D530E434F43FC
:105B7000B012A84E393DC243E313B01224476F421E
:105B8000B0126054B01214552F3DB01274552C3D14
:105B9000B24006006411C293E6134024C29361141C
:105BA0003D200B4A1B53084B18536F488F106E4B08
:105BB0000FDE3FF020003224074A375006003A50EB
:105BC00007006F4A8F10664706DFB012FC4B069F36
:105BD00006246F4A8F106E470FDE3F931F206F48D9
:105BE0008F106B4B0FDB3FF007001F931720B01295
:105BF0002447B01232477F400A00B012124FB01251
:105C00002447B01232475D4266117D50F9FF0E49BC
:105C10003E527F403F00B0124A51E63C5C42661162
:105C20007C50F9FF7CF30D493D520E434F43B012B7
:105C3000A84EDA3CB0122447C2936A1106206F4284
:105C4000B0126054C2936A1104245F4220007FF2B4
:105C50000C205F4220005FF308245F42BE144F9384
:105C60000424F2900B006611052C1F422411B0127F
:105C70009847363C5F931F205F42C2140F5F0F5F4F
:105C80003F506A14284F1C4F02001D4224113D5002
:105C90002E00CD4803000E480F4C8E108F104EEF93
:105CA0000EEF7FF3CD4E0200CD4C01000F4C8F1054
:105CB0007FF3CD4F00005F42C2141F533FF0070037
:105CC000C24FC2145F42BE147F53C24FBE14082499
:105CD0001F422411B0129847C243C214C243BE14DB
:105CE0005F426611095FC993000035340B9333247A
:105CF0001A535F4A01008F106FDA7FF007001E42CF
:105D000024116F9322201D42E8130D931E24B2909C
:105D100007001C112020DD9E030003001C20B2F0B0
:105D2000EFFF82013D5028006F4EDD4304007FF3FA
:105D30000E5FDD4EFFFF00006E4E7EF07F00CD4E09
:105D400001004F43B0122653063C5F9304207F525C
:105D5000B012FA43493CB0121455463CC243E31317
:105D6000B01224476F42B01260543E3C7F903E0018
:105D70003B20B0122447B2921C111520B0123247BA
:105D80007F400900B012124FB01224477B4003003D
:105D90004F4BB012605492431C114E4B1F42E813FC
:105DA000B0127044213CC293E6140520A2421C119B
:105DB000B0129C55193C7F400300B0126054B240B1
:105DC00003001C11B01276420C4E3A403601B0125C
:105DD000AE6B0B4E3B500B00824B3C11B012E440BB
:105DE0000C4B0D43B0121E42364137413841394108
:105DF0003A413B4130410B120A12091208120712B4
:105E00007F900D00022830403A657FF30F5F104FFE
:105E1000125E2C5E105F9E5FA85F64609C60AC6049
:105E20003C6262629462FE634664E264B012344093
:105E3000D2922F14E1140920C29340140620C243C9
:105E40005411B012464030403A65B01246405A42B2
:105E50002F140A5A3A50C814284A0B4869487950F6
:105E6000F3FF0F48B012164C074F0F48B0120E4DFB
:105E700079901D00462CCB4F0B000F483F50060079
:105E8000CF4700008710CF470100B01234401A42BC
:105E9000E413B01246400F482F52CF4A00008A1038
:105EA000CF4A0100B012264C3B52CB4F00008F105E
:105EB000CB4F0100C2930F110F24C2430F117E403C
:105EC0003F000F48B01266494E490F48B0124E537A
:105ED0004F93102030402C65C2493C14C2433D14FE
:105EE000824822117F400C00B012FA43C2930F1176
:105EF0000824033CF2430F11043CC243EE1330402C
:105F00002C65B0126C494F43B012FA4330403A65E9
:105F1000B01234404B4F5F43B012404792431C11C4
:105F2000C2431E11C2435511C24368114F4BB012F8
:105F30004640B01234404B4FB012144D924364119E
:105F4000C243E313D2C32500D2C32300D2D324001B
:105F5000D2D325004F4BB0124640B01234404A4FC6
:105F6000A29216110324B0124640073C7F40030062
:105F7000B012124F4F4AB0124640B01234404B4F4D
:105F8000B01224474F43B01260544F4BB0124640FA
:105F90006F43B0124E40C243401430403A654F4305
:105FA000B0124E4030403A65B01234405B4214119A
:105FB000B01246407E4003005F43B01230464F931C
:105FC0003724B01234404A4F82431C11B2F0EFFF25
:105FD0008201B2F0EFFF8401E2C31F007F400300A3
:105FE000B0126054B01224474F4AB0124640B0126B
:105FF00034404A4F82436411B012144DB01224470A
:10600000D2C32500D2C323004F4AB0124640824378
:106010001611B0127847B0123440F2F0DFFF1D00C5
:10602000B0124640B01288476F43B012FA43033CA7
:106030006F43B0124E401A423E14B012BE520F4A85
:10604000B012104C7F903F00022430403A65F2437A
:106050000F110F4AB0120E4D4D4B0E4AB0127C4933
:1060600030403A65B01234404B4FC293E4140424DC
:10607000B012464030403A65D243E414A292161161
:1060800004205F43B0128A45043C7F400500B012F3
:10609000FA434F4BB012464030403A65B01234409C
:1060A000C243E414B012464030403A65B012344066
:1060B0005A420711B01246406A936A247A9003004C
:1060C000072C4A930D245A93022430403A65413CF0
:1060D0007A90030080246A92022430403A65AB3CF7
:1060E000B0123247B01234404B4FA2931611042421
:1060F000B012464030403A65B240030016113E40AF
:1061000018007F401D00B0120250F2F0EFFF250092
:10611000F2F0EFFF2300F2F0EFFF2400F2D01000C6
:1061200025005F43B012124F3E407F027F401C00AB
:10613000B0120250B0124A50B01278503E40562A67
:106140007F401700B01202504F4BB0124640304013
:106150003A65B01232477F400600B012124FB012BB
:106160004A50B0127850B012C64FB0122447B01245
:1061700032477F400300B012124FB01224475F43F2
:10618000B01260547F400500B012FA4330403A65C7
:10619000B0123247B01234404B4F4E434F4EB01204
:1061A00030464F9304244F4BB01246400D3C4F4BAA
:1061B000B01246407F405300B012E64E4F43B0123B
:1061C000E64E4F43B012E64EB01224476F43B01272
:1061D000605430403A65B01234405B421C11B0123A
:1061E00046406B9207247B9208246B931F20B012C9
:1061F000D250A33DB0129C55A03DB01232477F4013
:106200000900B012124FB01224477B4003004F4BDD
:10621000B0126054B012344092431C11B012464088
:106220004E4B1F42E813B0127044873D7F4003007D
:10623000B0126054823DB012A6517F3DB01234407E
:106240004A4F1D42C4141E4258141F42F413C293F5
:10625000361403204C43B012C45A4F4AB012464081
:106260006C3DB0123440D24262140A11F240030075
:106270001A11B0124640C2930A1104203F40021185
:10628000B0128C44C2930A1158217F400600B0120C
:10629000FA43533D1E4224110F4E3F5028006B4ECF
:1062A0004D4B0E5D6C4E4C5C4C434C6CCF4C030024
:1062B0006D4E7DF07F00CF4D0100DF4EFFFF0000EF
:1062C0001A422411B012344059426911B0124640AA
:1062D00049931324094A395006003A5007006F4A7F
:1062E0008F10684908DFB012FC4B089F06246F4AE4
:1062F0008F106E490FDE3F9379207B900D0076283A
:106300001A4224110E4A3E525F4E01008F10694E10
:1063100009DF574A0300F243C614B01234405C420E
:10632000C6143E402C110D432842299E0920579E39
:1063300002000520C24CC614B0124640553C4C4DDC
:106340001D532E520D98F123C24CC614B012464074
:106350005842C614B0123440789303245892201146
:1063600011205E4220110E5E0D4E0D5D8D492C11E7
:10637000CD472E115E4220115E537EF00300C24EC7
:106380002011083C4E480E5E0D4E0D5D8D492C11BE
:10639000CD472E11B0124640CA932B0025240F4A38
:1063A000B012104C7F903F001F207B50F3FF094A32
:1063B00039500C000F4AB012164C084FB012264C40
:1063C000089F05240F4AB012164C3F9307204D4BEF
:1063D0000E490F4AB0123A4C0A4F063C4D4B0E493B
:1063E0000F4AB0123A4C0A4F824A2411B01234407C
:1063F000C243E313B0124640B01214559E3CC29300
:1064000067111C201A4266141B426814B0123440F3
:1064100018426C1119426E11185226111962281176
:10642000B0124640824A6614824B6814C243671118
:106430000C4A0D4B0E480F49B012BE4BB012B44778
:10644000B012C4497A3CB012B447B2F0EFFF8601F3
:106450005D424C146DF3052047433A433B40FF7FB8
:10646000183C0A4E0B4F1A8244141B7246141C42ED
:1064700048141D424A140C8A0D7B0A4C0B4D3C43B8
:106480003D40FF7F0A9C02200B9D02245743013CA4
:1064900047435D4256146DF30F241C4252141D42B3
:1064A00054140C8E0D7F1C524E141D625014084C57
:1064B000094D088A097B043847933F240C4A0D4B49
:1064C0000A430B430A8C0B7D0338B012C449353C98
:1064D000824C6614824D6814D2436711B012BE4BD1
:1064E0002C3C5F42EE135F920F112724C24F0F1115
:1064F0004F9319201B4222111A423C147E403F0048
:106500000F4BB01266494E4A0F4BB0124E534F9389
:106510001424F2430F114D4F1E4222115F4B0B000A
:10652000B0127C490A3CF2430F11073CB0123440D0
:10653000F2E010003100B012464037413841394195
:106540003A413B4130415F42BF147F9302204F43A9
:1065500030414D4F0E4D3E5056116C4EC24CBF1443
:106560007C930220F243E514FD435611B012F65D10
:106570005F4330413140FE38B0123440464F3D4019
:106580000D003E40FF003F405611B012006BF24339
:10659000BF14F243E514A242600182432E01A242DD
:1065A000800182431E01B24020026001B2402001FE
:1065B0008001F24084FF5700C2435800B2400040BF
:1065C00082010A4338400008094A074A55433440CB
:1065D0000C000B480BD90F4BB01232490C474F45FA
:1065E0001E4290013E52824E920192C382011E428F
:1065F00082011EF30E97FB271E4270014F93032466
:106600007F530C4EED3F0E8C3F4000040F9E012C3B
:106610000B4908111A530A940224094BDA3F0D4B17
:106620003DF0E0003D90E00002203BF0E0FF0F4B2A
:10663000B01232495E4257007EF007007ED080FFE4
:10664000C24E5700E2425800E2C30000824370018C
:10665000B2400202600182439001B2400201800117
:106660001E4260013EF0CFFF3ED02000824E60010E
:106670001E4280013EF0CFFF3ED02000824E8001BE
:10668000C2432600C2432E00C2431B00C2431F0068
:10669000C2433300C2433700C2432100F240E0FF4F
:1066A0002200F24030002900F2407B002A00C24361
:1066B0001900F240F1FF1A00F240DDFF1D00F24028
:1066C000FDFF1E00F2433100F2433200C2433500A9
:1066D000F2433600C2432500C2432D001E42700122
:1066E0003D4000281F4270010F8E0D9FFB2FE2D30B
:1066F0001A00F2D21A00F2D080FF1E00F2D0100071
:106700001E00F2D080FF1D00F2D010001D000343D8
:106710000343F2F0EFFF1D00F2C219005B434F4B41
:10672000B0124E494F43B0124E494F4BB0124E4932
:106730004F4BB0124E494F4BB0124E494F43B0121F
:106740004E494F43B0124E494F4BB0124E49F2D012
:1067500010001D00F2D21900E2D319003E403200B1
:10676000FED010000000FED020000000FED040004F
:1067700000003E53FED010000000FED020000000BC
:10678000FED0400000004B43B01246654F9BFC23F7
:10679000F24370113E402C110D4E3D501000BE438F
:1067A0000000CE4302002E520E9DF923B012764215
:1067B000C24E65141E4200111E53824EEA138243DC
:1067C000EC133E408601BEF0EFFF0000BE400040EB
:1067D0000000B2408A142411F2F0EFFF22003E5074
:1067E00098FEEED20000EEC300003D408201BDF0F5
:1067F000EFFF0000BD4000400000F2432E143D407A
:106800005C14CD430000CD430100CD430200CD43D5
:106810000300EED20000FED040000000FED02000B9
:106820000000B012264C824F3414D2420E11E413F1
:10683000C243E513F2401F005B14F24018006314DA
:10684000C2436911C243E014C243E613C243611458
:106850004B43B01246654F9BFC234F46B012464057
:1068600032D23F4072113E40C8140D4F3D5070026D
:106870008E4F00003F5034002E530F9DF923C2432A
:106880002F14C243E114C2435411D24340143E407A
:106890004311DE4300003F404211CF430000FF435D
:1068A0000500FF430400FF430300FF430200E24EE4
:1068B0005A14B240F4013E11B012B4473D404E1498
:1068C0008D4E00008D4F0200BD40F40104008D4349
:1068D00006005F4D08007FF0FCFF6FD3CD4F08002E
:1068E0007F400B00B012FA435F434E4FB012AE43ED
:1068F0004F931B20B0123440829316110324B01220
:1069000046401D3C92431611B0124640B01234402E
:10691000F2D020001D00B0124640B012E4403C40CE
:1069200014000D43B0121E420A3C6E435F43B01286
:1069300030464F9304205F534E4FB0123046794398
:1069400048430A43674266433540000274400500ED
:10695000B01234407F3C1E4262013EF010000E9A9D
:106960000C201E4264013EF010000E9A06201E42CA
:1069700066013EF010000E9A06241E4260013EF0B1
:1069800000030E9536245E4204007EF0C0FF4E9850
:1069900006245E4271003EF020000E9A2A205E42DC
:1069A00005003EF030000E9A06245E4279003EF06B
:1069B00020000E9A1E205E4270001EF30E9A1724CD
:1069C0005E4271003EF020000E9A11245E42720079
:1069D0003EF020000E9A0B245E4270002EF20E9ABA
:1069E00006245E4270003EF020000E9A02204E44C3
:1069F000013C4E461D42A0013DF010000D9A1A24A4
:106A00001D42A2013DF010000D9A07241E42A20172
:106A10003EF20E9A0E204E480D3C1D42A2013DF062
:106A200000040D9A07241D4260013DF000030D95FE
:106A300001204E46479E012C4E47C24E12115E4227
:106A400012110E5E1E4EF46A3ED2814E000022D11B
:106A500032C203435B42BF144B9913244D4B0E4D7E
:106A60003E5056116C4EC24CBF144C990220C24984
:106A7000E514FD435611B01246404F4BB012F65D7F
:106A8000673FC29806116723DA3F0F120E120D12EC
:106A90000C120B125B427600B012B84D4F932124BA
:106AA000B012C44D4F931D201F4258140F9304245D
:106AB0001F52C014CF4BFFFF1D42C414829DC0144F
:106AC000032CB012F84D0D3CF2F0BFFF00001E4247
:106AD00058141F42F413C293361403204C43B012CF
:106AE000C45A3B413C413D413E413F41B1C0F000B1
:106AF000000000130000100050009000D000F000D3
:106B00000B120A120912041221830441844F00005F
:106B10000C4E0F4D2A443F9006000A2C053C4E4C6B
:106B2000CA4E00001A533F530F93F9232F442A3CB7
:106B30004E4C494E099304240E497EF38E1009DE13
:106B40000E4A0B4E1BF30B242E430D4E0D8B0B4D9B
:106B50000F8B4E4CCA4E00001A533B53FA230B4F77
:106B600012C30B100E4A8E4900002A533B53FA23DE
:106B70000B4F1BF306244F4CCA4F00001A533B53D4
:106B8000FA232F442153344139413A413B413041AA
:106B900000134EEE7B400900053C0D104E6E4E9AE0
:106BA00001284E8A4C6C0D6D5B83F72330410EEE4D
:106BB0003B401100053C0D100E6E0E9A01280E8A06
:106BC0000C6C0D6D1B83F72330410D433CB00080EE
:106BD00003283CE31C532DD23AB0008003283AE34B
:106BE0001A533DD2B012AE6B0D102DB204283EE305
:106BF0001E533CE31C533DB202283CE31C5330417E
:106C00000100020012A201FFFFFF0100010022FFAC
:026C1000FFFF84
:10FFE00030402C4D30403040E65192400A53304072
:10FFF000D64D8A6A30403040A05A825A3040004084
:0400000300004000B9
:00000001FF
